# JRE version: OpenJDK Runtime Environment Temurin-17.0.9+9 (17.0.9+9) (build 17.0.9+9)
# Java VM: OpenJDK 64-Bit Server VM Temurin-17.0.9+9 (17.0.9+9, mixed mode, sharing, tiered, compressed oops, compressed class ptrs, g1 gc, windows-amd64)
GC Precious Log:
 CPUs: 8 total, 8 available
 Memory: 16106M
 Large Page Support: Disabled
 NUMA Support: Disabled
 Compressed Oops: Enabled (Zero based)
 Heap Region Size: 2M
 Heap Min Capacity: 8M
 Heap Initial Capacity: 252M
 Heap Max Capacity: 4028M
 Pre-touch: Disabled
 Parallel Workers: 8
 Concurrent Workers: 2
 Concurrent Refinement Workers: 8
 Periodic GC: Disabled
Heap:
 garbage-first heap   total 75776K, used 40566K [0x0000000704400000, 0x0000000800000000)
  region size 2048K, 11 young (22528K), 1 survivors (2048K)
 Metaspace       used 47447K, committed 48000K, reserved 1114112K
  class space    used 5811K, committed 6080K, reserved 1048576K
GC Heap History (20 events):
Event: 463.374 GC heap before
{Heap before GC invocations=40 (full 0):
 garbage-first heap   total 75776K, used 63038K [0x0000000704400000, 0x0000000800000000)
  region size 2048K, 21 young (43008K), 1 survivors (2048K)
 Metaspace       used 47435K, committed 47936K, reserved 1114112K
  class space    used 5811K, committed 6080K, reserved 1048576K
}
Event: 463.375 GC heap after
{Heap after GC invocations=41 (full 0):
 garbage-first heap   total 75776K, used 22088K [0x0000000704400000, 0x0000000800000000)
  region size 2048K, 1 young (2048K), 1 survivors (2048K)
 Metaspace       used 47435K, committed 47936K, reserved 1114112K
  class space    used 5811K, committed 6080K, reserved 1048576K
}
Event: 464.352 GC heap before
{Heap before GC invocations=41 (full 0):
 garbage-first heap   total 75776K, used 63048K [0x0000000704400000, 0x0000000800000000)
  region size 2048K, 21 young (43008K), 1 survivors (2048K)
 Metaspace       used 47440K, committed 47936K, reserved 1114112K
  class space    used 5811K, committed 6080K, reserved 1048576K
}
Event: 464.353 GC heap after
{Heap after GC invocations=42 (full 0):
 garbage-first heap   total 75776K, used 22096K [0x0000000704400000, 0x0000000800000000)
  region size 2048K, 1 young (2048K), 1 survivors (2048K)
 Metaspace       used 47440K, committed 47936K, reserved 1114112K
  class space    used 5811K, committed 6080K, reserved 1048576K
}
Event: 465.491 GC heap before
{Heap before GC invocations=42 (full 0):
 garbage-first heap   total 75776K, used 63056K [0x0000000704400000, 0x0000000800000000)
  region size 2048K, 21 young (43008K), 1 survivors (2048K)
 Metaspace       used 47440K, committed 47936K, reserved 1114112K
  class space    used 5811K, committed 6080K, reserved 1048576K
}
Event: 465.492 GC heap after
{Heap after GC invocations=43 (full 0):
 garbage-first heap   total 75776K, used 22116K [0x0000000704400000, 0x0000000800000000)
  region size 2048K, 1 young (2048K), 1 survivors (2048K)
 Metaspace       used 47440K, committed 47936K, reserved 1114112K
  class space    used 5811K, committed 6080K, reserved 1048576K
}
Event: 467.120 GC heap before
{Heap before GC invocations=43 (full 0):
 garbage-first heap   total 75776K, used 63076K [0x0000000704400000, 0x0000000800000000)
  region size 2048K, 21 young (43008K), 1 survivors (2048K)
 Metaspace       used 47441K, committed 48000K, reserved 1114112K
  class space    used 5811K, committed 6080K, reserved 1048576K
}
Event: 467.121 GC heap after
{Heap after GC invocations=44 (full 0):
 garbage-first heap   total 75776K, used 22115K [0x0000000704400000, 0x0000000800000000)
  region size 2048K, 1 young (2048K), 1 survivors (2048K)
 Metaspace       used 47441K, committed 48000K, reserved 1114112K
  class space    used 5811K, committed 6080K, reserved 1048576K
}
Event: 499.087 GC heap before
{Heap before GC invocations=44 (full 0):
 garbage-first heap   total 75776K, used 63075K [0x0000000704400000, 0x0000000800000000)
  region size 2048K, 21 young (43008K), 1 survivors (2048K)
 Metaspace       used 47441K, committed 48000K, reserved 1114112K
  class space    used 5811K, committed 6080K, reserved 1048576K
}
Event: 499.088 GC heap after
{Heap after GC invocations=45 (full 0):
 garbage-first heap   total 75776K, used 22137K [0x0000000704400000, 0x0000000800000000)
  region size 2048K, 1 young (2048K), 1 survivors (2048K)
 Metaspace       used 47441K, committed 48000K, reserved 1114112K
  class space    used 5811K, committed 6080K, reserved 1048576K
}
Event: 500.049 GC heap before
{Heap before GC invocations=45 (full 0):
 garbage-first heap   total 75776K, used 63097K [0x0000000704400000, 0x0000000800000000)
  region size 2048K, 21 young (43008K), 1 survivors (2048K)
 Metaspace       used 47441K, committed 48000K, reserved 1114112K
  class space    used 5811K, committed 6080K, reserved 1048576K
}
Event: 500.050 GC heap after
{Heap after GC invocations=46 (full 0):
 garbage-first heap   total 75776K, used 22126K [0x0000000704400000, 0x0000000800000000)
  region size 2048K, 1 young (2048K), 1 survivors (2048K)
 Metaspace       used 47441K, committed 48000K, reserved 1114112K
  class space    used 5811K, committed 6080K, reserved 1048576K
}
Event: 500.962 GC heap before
{Heap before GC invocations=46 (full 0):
 garbage-first heap   total 75776K, used 63086K [0x0000000704400000, 0x0000000800000000)
  region size 2048K, 21 young (43008K), 1 survivors (2048K)
 Metaspace       used 47445K, committed 48000K, reserved 1114112K
  class space    used 5811K, committed 6080K, reserved 1048576K
}
Event: 500.963 GC heap after
{Heap after GC invocations=47 (full 0):
 garbage-first heap   total 75776K, used 22123K [0x0000000704400000, 0x0000000800000000)
  region size 2048K, 1 young (2048K), 1 survivors (2048K)
 Metaspace       used 47445K, committed 48000K, reserved 1114112K
  class space    used 5811K, committed 6080K, reserved 1048576K
}
Event: 501.866 GC heap before
{Heap before GC invocations=47 (full 0):
 garbage-first heap   total 75776K, used 63083K [0x0000000704400000, 0x0000000800000000)
  region size 2048K, 21 young (43008K), 1 survivors (2048K)
 Metaspace       used 47447K, committed 48000K, reserved 1114112K
  class space    used 5811K, committed 6080K, reserved 1048576K
}
Event: 501.866 GC heap after
{Heap after GC invocations=48 (full 0):
 garbage-first heap   total 75776K, used 22174K [0x0000000704400000, 0x0000000800000000)
  region size 2048K, 1 young (2048K), 1 survivors (2048K)
 Metaspace       used 47447K, committed 48000K, reserved 1114112K
  class space    used 5811K, committed 6080K, reserved 1048576K
}
Event: 502.756 GC heap before
{Heap before GC invocations=48 (full 0):
 garbage-first heap   total 75776K, used 63134K [0x0000000704400000, 0x0000000800000000)
  region size 2048K, 21 young (43008K), 1 survivors (2048K)
 Metaspace       used 47447K, committed 48000K, reserved 1114112K
  class space    used 5811K, committed 6080K, reserved 1048576K
}
Event: 502.756 GC heap after
{Heap after GC invocations=49 (full 0):
 garbage-first heap   total 75776K, used 22132K [0x0000000704400000, 0x0000000800000000)
  region size 2048K, 1 young (2048K), 1 survivors (2048K)
 Metaspace       used 47447K, committed 48000K, reserved 1114112K
  class space    used 5811K, committed 6080K, reserved 1048576K
}
Event: 503.737 GC heap before
{Heap before GC invocations=49 (full 0):
 garbage-first heap   total 75776K, used 61044K [0x0000000704400000, 0x0000000800000000)
  region size 2048K, 21 young (43008K), 1 survivors (2048K)
 Metaspace       used 47447K, committed 48000K, reserved 1114112K
  class space    used 5811K, committed 6080K, reserved 1048576K
}
Event: 503.738 GC heap after
{Heap after GC invocations=50 (full 0):
 garbage-first heap   total 75776K, used 22134K [0x0000000704400000, 0x0000000800000000)
  region size 2048K, 1 young (2048K), 1 survivors (2048K)
 Metaspace       used 47447K, committed 48000K, reserved 1114112K
  class space    used 5811K, committed 6080K, reserved 1048576K
}

